<?xml version="1.0" encoding="UTF-8"?>
<!-- Generated by org.testng.reporters.JUnitXMLReporter -->
<testsuite ignored="0" hostname="LP-BCT-0X111976" failures="0" tests="4" name="Test2" time="8.268" errors="0" timestamp="2023-10-13T14:49:08 IST">
  <testcase classname="api.test.UserTestsProperties" name="testPostUser" time="2.486"/>
  <testcase classname="api.test.UserTestsProperties" name="testGetUserByName" time="1.345"/>
  <testcase classname="api.test.UserTestsProperties" name="testUpdateUserByName" time="2.606"/>
  <testcase classname="api.test.UserTestsProperties" name="testDeleteUserByName" time="1.308"/>
</testsuite> <!-- Test2 -->
