<?xml version="1.0" encoding="UTF-8"?>
<!-- Generated by org.testng.reporters.JUnitXMLReporter -->
<testsuite ignored="0" hostname="LP-BCT-0X111976" failures="0" tests="10" name="Surefire test" time="17.305" errors="0" timestamp="2023-10-09T15:22:45 IST">
  <testcase classname="api.test.DDTests" name="testPostuser" time="3.197"/>
  <testcase classname="api.test.DDTests" name="testPostuser" time="1.171"/>
  <testcase classname="api.test.DDTests" name="testPostuser" time="1.197"/>
  <testcase classname="api.test.DDTests" name="testDeleteUserByName" time="1.166"/>
  <testcase classname="api.test.DDTests" name="testDeleteUserByName" time="1.134"/>
  <testcase classname="api.test.DDTests" name="testDeleteUserByName" time="1.144"/>
  <testcase classname="api.test.UserTests" name="testPostUser" time="1.213"/>
  <testcase classname="api.test.UserTests" name="testGetUserByName" time="1.113"/>
  <testcase classname="api.test.UserTests" name="testUpdateUserByName" time="2.357"/>
  <testcase classname="api.test.UserTests" name="testDeleteUserByName" time="1.138"/>
</testsuite> <!-- Surefire test -->
