<?xml version="1.0" encoding="UTF-8"?>
<testng-results ignored="0" total="4" passed="4" failed="0" skipped="0">
  <reporter-output>
  </reporter-output>
  <suite started-at="2023-10-17T14:54:56 IST" name="PetSuite" finished-at="2023-10-17T14:55:03 IST" duration-ms="7728">
    <groups>
    </groups>
    <test started-at="2023-10-17T14:54:56 IST" name="PetTest" finished-at="2023-10-17T14:55:03 IST" duration-ms="7728">
      <class name="api.test.UserTests">
        <test-method is-config="true" signature="setup()[pri:0, instance:api.test.UserTests@7b36aa0c]" started-at="2023-10-17T14:54:56 IST" name="setup" finished-at="2023-10-17T14:54:56 IST" duration-ms="518" status="PASS">
          <reporter-output>
          </reporter-output>
        </test-method> <!-- setup -->
        <test-method signature="testPostUser()[pri:1, instance:api.test.UserTests@7b36aa0c]" started-at="2023-10-17T14:54:56 IST" name="testPostUser" finished-at="2023-10-17T14:54:59 IST" duration-ms="2399" status="PASS">
          <reporter-output>
          </reporter-output>
        </test-method> <!-- testPostUser -->
        <test-method signature="testGetUserByName()[pri:2, instance:api.test.UserTests@7b36aa0c]" started-at="2023-10-17T14:54:59 IST" name="testGetUserByName" finished-at="2023-10-17T14:55:00 IST" duration-ms="1184" status="PASS">
          <reporter-output>
          </reporter-output>
        </test-method> <!-- testGetUserByName -->
        <test-method signature="testUpdateUserByName()[pri:3, instance:api.test.UserTests@7b36aa0c]" started-at="2023-10-17T14:55:00 IST" name="testUpdateUserByName" finished-at="2023-10-17T14:55:02 IST" duration-ms="2319" status="PASS">
          <reporter-output>
          </reporter-output>
        </test-method> <!-- testUpdateUserByName -->
        <test-method signature="testDeleteUserByName()[pri:4, instance:api.test.UserTests@7b36aa0c]" started-at="2023-10-17T14:55:02 IST" name="testDeleteUserByName" finished-at="2023-10-17T14:55:03 IST" duration-ms="1110" status="PASS">
          <reporter-output>
          </reporter-output>
        </test-method> <!-- testDeleteUserByName -->
      </class> <!-- api.test.UserTests -->
    </test> <!-- PetTest -->
  </suite> <!-- PetSuite -->
</testng-results>
