<?xml version="1.0" encoding="UTF-8"?>
<!-- Generated by org.testng.reporters.JUnitXMLReporter -->
<testsuite ignored="0" hostname="LP-BCT-0X111976" failures="0" tests="4" name="PetTest" time="7.728" errors="0" timestamp="2023-10-17T14:55:04 IST">
  <testcase classname="api.test.UserTests" name="testPostUser" time="2.399"/>
  <testcase classname="api.test.UserTests" name="testGetUserByName" time="1.184"/>
  <testcase classname="api.test.UserTests" name="testUpdateUserByName" time="2.319"/>
  <testcase classname="api.test.UserTests" name="testDeleteUserByName" time="1.11"/>
</testsuite> <!-- PetTest -->
