<?xml version="1.0" encoding="UTF-8"?>
<!-- Generated by org.testng.reporters.JUnitXMLReporter -->
<testsuite ignored="0" hostname="LP-BCT-0X111976" failures="0" tests="6" name="PetTest" time="11.075" errors="0" timestamp="2023-10-13T15:04:02 IST">
  <testcase classname="api.test.DDTests" name="testPostuser" time="2.465"/>
  <testcase classname="api.test.DDTests" name="testPostuser" time="1.838"/>
  <testcase classname="api.test.DDTests" name="testPostuser" time="1.472"/>
  <testcase classname="api.test.DDTests" name="testDeleteUserByName" time="1.313"/>
  <testcase classname="api.test.DDTests" name="testDeleteUserByName" time="1.309"/>
  <testcase classname="api.test.DDTests" name="testDeleteUserByName" time="1.339"/>
</testsuite> <!-- PetTest -->
